<?xml version="1.0" encoding="UTF-8"?>
<testng-results ignored="0" total="1" passed="1" failed="0" skipped="0">
  <reporter-output>
  </reporter-output>
  <suite started-at="2023-12-14T12:35:49 IST" name="Default suite" finished-at="2023-12-14T12:35:49 IST" duration-ms="81">
    <groups>
    </groups>
    <test started-at="2023-12-14T12:35:49 IST" name="Default test" finished-at="2023-12-14T12:35:49 IST" duration-ms="81">
      <class name="TestData.TestData1">
        <test-method signature="M1()[pri:0, instance:TestData.TestData1@3d1cfad4]" started-at="2023-12-14T12:35:49 IST" name="M1" finished-at="2023-12-14T12:35:49 IST" duration-ms="12" status="PASS">
          <reporter-output>
          </reporter-output>
        </test-method> <!-- M1 -->
      </class> <!-- TestData.TestData1 -->
    </test> <!-- Default test -->
  </suite> <!-- Default suite -->
</testng-results>
